{"D:\\009_kataacademy\\006_react\\module-04\\maybe-hh-look-like\\postcss.config.cjs": {"path":"D:\\009_kataacademy\\006_react\\module-04\\maybe-hh-look-like\\postcss.config.cjs","all":true,"statementMap":{"0":{"start":{"line":1,"column":0},"end":{"line":1,"column":18}},"1":{"start":{"line":2,"column":0},"end":{"line":2,"column":12}},"2":{"start":{"line":3,"column":0},"end":{"line":3,"column":33}},"3":{"start":{"line":4,"column":0},"end":{"line":4,"column":28}},"4":{"start":{"line":5,"column":0},"end":{"line":5,"column":18}},"5":{"start":{"line":6,"column":0},"end":{"line":6,"column":40}},"6":{"start":{"line":7,"column":0},"end":{"line":7,"column":40}},"7":{"start":{"line":8,"column":0},"end":{"line":8,"column":40}},"8":{"start":{"line":9,"column":0},"end":{"line":9,"column":40}},"9":{"start":{"line":10,"column":0},"end":{"line":10,"column":40}},"10":{"start":{"line":11,"column":0},"end":{"line":11,"column":8}},"11":{"start":{"line":12,"column":0},"end":{"line":12,"column":6}},"12":{"start":{"line":13,"column":0},"end":{"line":13,"column":4}},"13":{"start":{"line":14,"column":0},"end":{"line":14,"column":2}}},"s":{"0":0,"1":0,"2":0,"3":0,"4":0,"5":0,"6":0,"7":0,"8":0,"9":0,"10":0,"11":0,"12":0,"13":0},"branchMap":{"0":{"type":"branch","line":1,"loc":{"start":{"line":1,"column":355},"end":{"line":14,"column":2}},"locations":[{"start":{"line":1,"column":355},"end":{"line":14,"column":2}}]}},"b":{"0":[0]},"fnMap":{"0":{"name":"(empty-report)","decl":{"start":{"line":1,"column":355},"end":{"line":14,"column":2}},"loc":{"start":{"line":1,"column":355},"end":{"line":14,"column":2}},"line":1}},"f":{"0":0}}
,"D:\\009_kataacademy\\006_react\\module-04\\maybe-hh-look-like\\setupTests.ts": {"path":"D:\\009_kataacademy\\006_react\\module-04\\maybe-hh-look-like\\setupTests.ts","all":true,"statementMap":{"2":{"start":{"line":3,"column":0},"end":{"line":3,"column":35}},"3":{"start":{"line":4,"column":0},"end":{"line":4,"column":48}},"5":{"start":{"line":6,"column":0},"end":{"line":6,"column":22}},"6":{"start":{"line":7,"column":0},"end":{"line":7,"column":14}},"7":{"start":{"line":8,"column":0},"end":{"line":8,"column":16}},"8":{"start":{"line":9,"column":0},"end":{"line":9,"column":17}},"9":{"start":{"line":10,"column":0},"end":{"line":10,"column":1}},"11":{"start":{"line":12,"column":0},"end":{"line":12,"column":45}},"12":{"start":{"line":13,"column":0},"end":{"line":13,"column":17}},"13":{"start":{"line":14,"column":0},"end":{"line":14,"column":30}},"14":{"start":{"line":15,"column":0},"end":{"line":15,"column":19}},"15":{"start":{"line":16,"column":0},"end":{"line":16,"column":17}},"16":{"start":{"line":17,"column":0},"end":{"line":17,"column":19}},"17":{"start":{"line":18,"column":0},"end":{"line":18,"column":26}},"18":{"start":{"line":19,"column":0},"end":{"line":19,"column":29}},"19":{"start":{"line":20,"column":0},"end":{"line":20,"column":31}},"20":{"start":{"line":21,"column":0},"end":{"line":21,"column":34}},"21":{"start":{"line":22,"column":0},"end":{"line":22,"column":28}},"22":{"start":{"line":23,"column":0},"end":{"line":23,"column":5}},"23":{"start":{"line":24,"column":0},"end":{"line":24,"column":3}},"25":{"start":{"line":26,"column":0},"end":{"line":26,"column":39}}},"s":{"2":0,"3":0,"5":0,"6":0,"7":0,"8":0,"9":0,"11":0,"12":0,"13":0,"14":0,"15":0,"16":0,"17":0,"18":0,"19":0,"20":0,"21":0,"22":0,"23":0,"25":0},"branchMap":{"0":{"type":"branch","line":1,"loc":{"start":{"line":1,"column":44},"end":{"line":26,"column":-18}},"locations":[{"start":{"line":1,"column":44},"end":{"line":26,"column":-18}}]}},"b":{"0":[1]},"fnMap":{"0":{"name":"(empty-report)","decl":{"start":{"line":1,"column":44},"end":{"line":26,"column":-18}},"loc":{"start":{"line":1,"column":44},"end":{"line":26,"column":-18}},"line":1}},"f":{"0":1}}
,"D:\\009_kataacademy\\006_react\\module-04\\maybe-hh-look-like\\src\\main.tsx": {"path":"D:\\009_kataacademy\\006_react\\module-04\\maybe-hh-look-like\\src\\main.tsx","all":true,"statementMap":{"0":{"start":{"line":1,"column":0},"end":{"line":1,"column":35}},"1":{"start":{"line":2,"column":0},"end":{"line":2,"column":46}},"2":{"start":{"line":3,"column":0},"end":{"line":3,"column":39}},"3":{"start":{"line":4,"column":0},"end":{"line":4,"column":8}},"9":{"start":{"line":10,"column":0},"end":{"line":10,"column":59}},"11":{"start":{"line":12,"column":0},"end":{"line":12,"column":28}},"13":{"start":{"line":14,"column":0},"end":{"line":14,"column":37}},"14":{"start":{"line":15,"column":0},"end":{"line":15,"column":12}},"15":{"start":{"line":16,"column":0},"end":{"line":16,"column":12}},"16":{"start":{"line":17,"column":0},"end":{"line":17,"column":12}},"17":{"start":{"line":18,"column":0},"end":{"line":18,"column":12}},"18":{"start":{"line":19,"column":0},"end":{"line":19,"column":12}},"19":{"start":{"line":20,"column":0},"end":{"line":20,"column":12}},"20":{"start":{"line":21,"column":0},"end":{"line":21,"column":12}},"21":{"start":{"line":22,"column":0},"end":{"line":22,"column":12}},"22":{"start":{"line":23,"column":0},"end":{"line":23,"column":12}},"23":{"start":{"line":24,"column":0},"end":{"line":24,"column":12}},"24":{"start":{"line":25,"column":0},"end":{"line":25,"column":2}},"26":{"start":{"line":27,"column":0},"end":{"line":27,"column":27}},"27":{"start":{"line":28,"column":0},"end":{"line":28,"column":22}},"28":{"start":{"line":29,"column":0},"end":{"line":29,"column":25}},"29":{"start":{"line":30,"column":0},"end":{"line":30,"column":3}},"31":{"start":{"line":32,"column":0},"end":{"line":32,"column":34}},"32":{"start":{"line":33,"column":0},"end":{"line":33,"column":21}},"34":{"start":{"line":35,"column":0},"end":{"line":35,"column":52}},"35":{"start":{"line":36,"column":0},"end":{"line":36,"column":14}},"36":{"start":{"line":37,"column":0},"end":{"line":37,"column":33}},"37":{"start":{"line":38,"column":0},"end":{"line":38,"column":37}},"38":{"start":{"line":39,"column":0},"end":{"line":39,"column":15}},"39":{"start":{"line":40,"column":0},"end":{"line":40,"column":24}},"40":{"start":{"line":41,"column":0},"end":{"line":41,"column":15}},"41":{"start":{"line":42,"column":0},"end":{"line":42,"column":15}},"42":{"start":{"line":43,"column":0},"end":{"line":43,"column":2}}},"s":{"0":0,"1":0,"2":0,"3":0,"9":0,"11":0,"13":0,"14":0,"15":0,"16":0,"17":0,"18":0,"19":0,"20":0,"21":0,"22":0,"23":0,"24":0,"26":0,"27":0,"28":0,"29":0,"31":0,"32":0,"34":0,"35":0,"36":0,"37":0,"38":0,"39":0,"40":0,"41":0,"42":0},"branchMap":{"0":{"type":"branch","line":1,"loc":{"start":{"line":1,"column":769},"end":{"line":43,"column":-237}},"locations":[{"start":{"line":1,"column":769},"end":{"line":43,"column":-237}}]}},"b":{"0":[0]},"fnMap":{"0":{"name":"(empty-report)","decl":{"start":{"line":1,"column":769},"end":{"line":43,"column":-237}},"loc":{"start":{"line":1,"column":769},"end":{"line":43,"column":-237}},"line":1}},"f":{"0":0}}
,"D:\\009_kataacademy\\006_react\\module-04\\maybe-hh-look-like\\src\\app\\index.ts": {"path":"D:\\009_kataacademy\\006_react\\module-04\\maybe-hh-look-like\\src\\app\\index.ts","all":true,"statementMap":{"0":{"start":{"line":1,"column":0},"end":{"line":1,"column":26}}},"s":{"0":0},"branchMap":{"0":{"type":"branch","line":1,"loc":{"start":{"line":1,"column":0},"end":{"line":1,"column":26}},"locations":[{"start":{"line":1,"column":0},"end":{"line":1,"column":26}}]}},"b":{"0":[0]},"fnMap":{"0":{"name":"(empty-report)","decl":{"start":{"line":1,"column":0},"end":{"line":1,"column":26}},"loc":{"start":{"line":1,"column":0},"end":{"line":1,"column":26}},"line":1}},"f":{"0":0}}
,"D:\\009_kataacademy\\006_react\\module-04\\maybe-hh-look-like\\src\\app\\App\\App.tsx": {"path":"D:\\009_kataacademy\\006_react\\module-04\\maybe-hh-look-like\\src\\app\\App\\App.tsx","all":false,"statementMap":{"0":{"start":{"line":1,"column":0},"end":{"line":1,"column":34}},"1":{"start":{"line":2,"column":0},"end":{"line":2,"column":41}},"3":{"start":{"line":4,"column":0},"end":{"line":4,"column":8}},"8":{"start":{"line":9,"column":0},"end":{"line":9,"column":79}},"10":{"start":{"line":11,"column":0},"end":{"line":11,"column":44}},"12":{"start":{"line":13,"column":0},"end":{"line":13,"column":51}},"14":{"start":{"line":15,"column":0},"end":{"line":15,"column":8}},"22":{"start":{"line":23,"column":0},"end":{"line":23,"column":38}},"24":{"start":{"line":25,"column":0},"end":{"line":25,"column":26}},"25":{"start":{"line":26,"column":0},"end":{"line":26,"column":38}},"27":{"start":{"line":28,"column":0},"end":{"line":28,"column":37}},"28":{"start":{"line":29,"column":0},"end":{"line":29,"column":47}},"29":{"start":{"line":30,"column":0},"end":{"line":30,"column":4}},"31":{"start":{"line":32,"column":0},"end":{"line":32,"column":76}},"33":{"start":{"line":34,"column":0},"end":{"line":34,"column":39}},"34":{"start":{"line":35,"column":0},"end":{"line":35,"column":49}},"35":{"start":{"line":36,"column":0},"end":{"line":36,"column":4}},"36":{"start":{"line":37,"column":0},"end":{"line":37,"column":39}},"37":{"start":{"line":38,"column":0},"end":{"line":38,"column":49}},"38":{"start":{"line":39,"column":0},"end":{"line":39,"column":4}},"39":{"start":{"line":40,"column":0},"end":{"line":40,"column":38}},"40":{"start":{"line":41,"column":0},"end":{"line":41,"column":48}},"41":{"start":{"line":42,"column":0},"end":{"line":42,"column":4}},"42":{"start":{"line":43,"column":0},"end":{"line":43,"column":79}},"44":{"start":{"line":45,"column":0},"end":{"line":45,"column":19}},"45":{"start":{"line":46,"column":0},"end":{"line":46,"column":46}},"46":{"start":{"line":47,"column":0},"end":{"line":47,"column":35}},"47":{"start":{"line":48,"column":0},"end":{"line":48,"column":43}},"48":{"start":{"line":49,"column":0},"end":{"line":49,"column":26}},"50":{"start":{"line":51,"column":0},"end":{"line":51,"column":13}},"51":{"start":{"line":52,"column":0},"end":{"line":52,"column":22}},"52":{"start":{"line":53,"column":0},"end":{"line":53,"column":26}},"53":{"start":{"line":54,"column":0},"end":{"line":54,"column":27}},"54":{"start":{"line":55,"column":0},"end":{"line":55,"column":26}},"55":{"start":{"line":56,"column":0},"end":{"line":56,"column":8}},"56":{"start":{"line":57,"column":0},"end":{"line":57,"column":6}},"57":{"start":{"line":58,"column":0},"end":{"line":58,"column":63}},"59":{"start":{"line":60,"column":0},"end":{"line":60,"column":10}},"60":{"start":{"line":61,"column":0},"end":{"line":61,"column":51}},"61":{"start":{"line":62,"column":0},"end":{"line":62,"column":16}},"63":{"start":{"line":64,"column":0},"end":{"line":64,"column":45}},"64":{"start":{"line":65,"column":0},"end":{"line":65,"column":21}},"65":{"start":{"line":66,"column":0},"end":{"line":66,"column":42}},"66":{"start":{"line":67,"column":0},"end":{"line":67,"column":51}},"67":{"start":{"line":68,"column":0},"end":{"line":68,"column":24}},"69":{"start":{"line":70,"column":0},"end":{"line":70,"column":26}},"70":{"start":{"line":71,"column":0},"end":{"line":71,"column":16}},"72":{"start":{"line":73,"column":0},"end":{"line":73,"column":21}},"73":{"start":{"line":74,"column":0},"end":{"line":74,"column":24}},"74":{"start":{"line":75,"column":0},"end":{"line":75,"column":40}},"75":{"start":{"line":76,"column":0},"end":{"line":76,"column":25}},"77":{"start":{"line":78,"column":0},"end":{"line":78,"column":55}},"78":{"start":{"line":79,"column":0},"end":{"line":79,"column":49}},"80":{"start":{"line":81,"column":0},"end":{"line":81,"column":30}},"81":{"start":{"line":82,"column":0},"end":{"line":82,"column":18}},"83":{"start":{"line":84,"column":0},"end":{"line":84,"column":14}},"84":{"start":{"line":85,"column":0},"end":{"line":85,"column":22}},"85":{"start":{"line":86,"column":0},"end":{"line":86,"column":15}},"87":{"start":{"line":88,"column":0},"end":{"line":88,"column":2}}},"s":{"0":1,"1":1,"3":1,"8":1,"10":1,"12":1,"14":1,"22":1,"24":1,"25":3,"27":3,"28":3,"29":3,"31":3,"33":3,"34":3,"35":3,"36":3,"37":3,"38":3,"39":3,"40":3,"41":3,"42":3,"44":3,"45":1,"46":1,"47":0,"48":1,"50":1,"51":1,"52":1,"53":1,"54":1,"55":1,"56":1,"57":3,"59":3,"60":3,"61":3,"63":3,"64":3,"65":3,"66":3,"67":3,"69":3,"70":3,"72":3,"73":1,"74":2,"75":1,"77":1,"78":1,"80":1,"81":1,"83":3,"84":3,"85":3,"87":3},"branchMap":{"0":{"type":"branch","line":25,"loc":{"start":{"line":25,"column":19},"end":{"line":88,"column":2}},"locations":[{"start":{"line":25,"column":19},"end":{"line":88,"column":2}}]},"1":{"type":"branch","line":73,"loc":{"start":{"line":73,"column":11},"end":{"line":74,"column":24}},"locations":[{"start":{"line":73,"column":11},"end":{"line":74,"column":24}}]},"2":{"type":"branch","line":74,"loc":{"start":{"line":74,"column":22},"end":{"line":82,"column":18}},"locations":[{"start":{"line":74,"column":22},"end":{"line":82,"column":18}}]},"3":{"type":"branch","line":75,"loc":{"start":{"line":75,"column":35},"end":{"line":76,"column":25}},"locations":[{"start":{"line":75,"column":35},"end":{"line":76,"column":25}}]},"4":{"type":"branch","line":76,"loc":{"start":{"line":76,"column":23},"end":{"line":82,"column":18}},"locations":[{"start":{"line":76,"column":23},"end":{"line":82,"column":18}}]},"5":{"type":"branch","line":29,"loc":{"start":{"line":29,"column":4},"end":{"line":29,"column":47}},"locations":[{"start":{"line":29,"column":4},"end":{"line":29,"column":47}}]},"6":{"type":"branch","line":32,"loc":{"start":{"line":32,"column":34},"end":{"line":32,"column":74}},"locations":[{"start":{"line":32,"column":34},"end":{"line":32,"column":74}}]},"7":{"type":"branch","line":35,"loc":{"start":{"line":35,"column":4},"end":{"line":35,"column":49}},"locations":[{"start":{"line":35,"column":4},"end":{"line":35,"column":49}}]},"8":{"type":"branch","line":38,"loc":{"start":{"line":38,"column":4},"end":{"line":38,"column":49}},"locations":[{"start":{"line":38,"column":4},"end":{"line":38,"column":49}}]},"9":{"type":"branch","line":41,"loc":{"start":{"line":41,"column":4},"end":{"line":41,"column":48}},"locations":[{"start":{"line":41,"column":4},"end":{"line":41,"column":48}}]},"10":{"type":"branch","line":43,"loc":{"start":{"line":43,"column":34},"end":{"line":43,"column":77}},"locations":[{"start":{"line":43,"column":34},"end":{"line":43,"column":77}}]},"11":{"type":"branch","line":45,"loc":{"start":{"line":45,"column":12},"end":{"line":58,"column":5}},"locations":[{"start":{"line":45,"column":12},"end":{"line":58,"column":5}}]},"12":{"type":"branch","line":47,"loc":{"start":{"line":47,"column":25},"end":{"line":48,"column":43}},"locations":[{"start":{"line":47,"column":25},"end":{"line":48,"column":43}}]}},"b":{"0":[3],"1":[1],"2":[2],"3":[1],"4":[1],"5":[6],"6":[6],"7":[6],"8":[6],"9":[6],"10":[6],"11":[1],"12":[0]},"fnMap":{"0":{"name":"App","decl":{"start":{"line":25,"column":19},"end":{"line":88,"column":2}},"loc":{"start":{"line":25,"column":19},"end":{"line":88,"column":2}},"line":25}},"f":{"0":3}}
,"D:\\009_kataacademy\\006_react\\module-04\\maybe-hh-look-like\\src\\pages\\index.ts": {"path":"D:\\009_kataacademy\\006_react\\module-04\\maybe-hh-look-like\\src\\pages\\index.ts","all":false,"statementMap":{"0":{"start":{"line":1,"column":0},"end":{"line":1,"column":46}}},"s":{"0":1},"branchMap":{},"b":{},"fnMap":{},"f":{}}
,"D:\\009_kataacademy\\006_react\\module-04\\maybe-hh-look-like\\src\\pages\\VacanciesList\\VacanciesList.tsx": {"path":"D:\\009_kataacademy\\006_react\\module-04\\maybe-hh-look-like\\src\\pages\\VacanciesList\\VacanciesList.tsx","all":false,"statementMap":{"2":{"start":{"line":3,"column":0},"end":{"line":3,"column":43}},"4":{"start":{"line":5,"column":0},"end":{"line":5,"column":48}},"9":{"start":{"line":10,"column":0},"end":{"line":10,"column":57}},"10":{"start":{"line":11,"column":0},"end":{"line":11,"column":10}},"11":{"start":{"line":12,"column":0},"end":{"line":12,"column":45}},"12":{"start":{"line":13,"column":0},"end":{"line":13,"column":28}},"13":{"start":{"line":14,"column":0},"end":{"line":14,"column":57}},"14":{"start":{"line":15,"column":0},"end":{"line":15,"column":9}},"15":{"start":{"line":16,"column":0},"end":{"line":16,"column":9}},"17":{"start":{"line":18,"column":0},"end":{"line":18,"column":2}}},"s":{"2":1,"4":1,"9":1,"10":1,"11":1,"12":1,"13":10,"14":1,"15":1,"17":1},"branchMap":{"0":{"type":"branch","line":10,"loc":{"start":{"line":10,"column":29},"end":{"line":18,"column":2}},"locations":[{"start":{"line":10,"column":29},"end":{"line":18,"column":2}}]},"1":{"type":"branch","line":13,"loc":{"start":{"line":13,"column":17},"end":{"line":15,"column":7}},"locations":[{"start":{"line":13,"column":17},"end":{"line":15,"column":7}}]}},"b":{"0":[1],"1":[10]},"fnMap":{"0":{"name":"VacanciesList","decl":{"start":{"line":10,"column":29},"end":{"line":18,"column":2}},"loc":{"start":{"line":10,"column":29},"end":{"line":18,"column":2}},"line":10}},"f":{"0":1}}
,"D:\\009_kataacademy\\006_react\\module-04\\maybe-hh-look-like\\src\\processes\\redux\\hooks\\redux.ts": {"path":"D:\\009_kataacademy\\006_react\\module-04\\maybe-hh-look-like\\src\\processes\\redux\\hooks\\redux.ts","all":false,"statementMap":{"0":{"start":{"line":1,"column":0},"end":{"line":1,"column":8}},"7":{"start":{"line":8,"column":0},"end":{"line":8,"column":65}},"8":{"start":{"line":9,"column":0},"end":{"line":9,"column":77}}},"s":{"0":1,"7":1,"8":1},"branchMap":{"0":{"type":"branch","line":8,"loc":{"start":{"line":8,"column":32},"end":{"line":8,"column":65}},"locations":[{"start":{"line":8,"column":32},"end":{"line":8,"column":65}}]}},"b":{"0":[15]},"fnMap":{"0":{"name":"useTypedDispatch","decl":{"start":{"line":8,"column":32},"end":{"line":8,"column":65}},"loc":{"start":{"line":8,"column":32},"end":{"line":8,"column":65}},"line":8}},"f":{"0":15}}
,"D:\\009_kataacademy\\006_react\\module-04\\maybe-hh-look-like\\src\\processes\\redux\\reducers\\VacanciesThunk.ts": {"path":"D:\\009_kataacademy\\006_react\\module-04\\maybe-hh-look-like\\src\\processes\\redux\\reducers\\VacanciesThunk.ts","all":false,"statementMap":{"0":{"start":{"line":1,"column":0},"end":{"line":1,"column":52}},"1":{"start":{"line":2,"column":0},"end":{"line":2,"column":20}},"3":{"start":{"line":4,"column":0},"end":{"line":4,"column":54}},"5":{"start":{"line":6,"column":0},"end":{"line":6,"column":42}},"18":{"start":{"line":19,"column":0},"end":{"line":19,"column":47}},"22":{"start":{"line":23,"column":0},"end":{"line":23,"column":29}},"23":{"start":{"line":24,"column":0},"end":{"line":24,"column":76}},"25":{"start":{"line":26,"column":0},"end":{"line":26,"column":40}},"26":{"start":{"line":27,"column":0},"end":{"line":27,"column":21}},"27":{"start":{"line":28,"column":0},"end":{"line":28,"column":20}},"28":{"start":{"line":29,"column":0},"end":{"line":29,"column":30}},"29":{"start":{"line":30,"column":0},"end":{"line":30,"column":13}},"30":{"start":{"line":31,"column":0},"end":{"line":31,"column":21}},"31":{"start":{"line":32,"column":0},"end":{"line":32,"column":13}},"32":{"start":{"line":33,"column":0},"end":{"line":33,"column":30}},"33":{"start":{"line":34,"column":0},"end":{"line":34,"column":8}},"34":{"start":{"line":35,"column":0},"end":{"line":35,"column":7}},"36":{"start":{"line":37,"column":0},"end":{"line":37,"column":23}},"37":{"start":{"line":38,"column":0},"end":{"line":38,"column":39}},"38":{"start":{"line":39,"column":0},"end":{"line":39,"column":5}},"40":{"start":{"line":41,"column":0},"end":{"line":41,"column":68}},"42":{"start":{"line":43,"column":0},"end":{"line":43,"column":16}},"46":{"start":{"line":47,"column":0},"end":{"line":47,"column":3}},"47":{"start":{"line":48,"column":0},"end":{"line":48,"column":2}}},"s":{"0":1,"1":1,"3":1,"5":1,"18":1,"22":1,"23":1,"25":1,"26":1,"27":1,"28":1,"29":1,"30":1,"31":1,"32":1,"33":1,"34":1,"36":1,"37":0,"38":0,"40":1,"42":1,"46":1,"47":1},"branchMap":{"0":{"type":"branch","line":24,"loc":{"start":{"line":24,"column":2},"end":{"line":47,"column":3}},"locations":[{"start":{"line":24,"column":2},"end":{"line":47,"column":3}}]},"1":{"type":"branch","line":33,"loc":{"start":{"line":33,"column":12},"end":{"line":33,"column":30}},"locations":[{"start":{"line":33,"column":12},"end":{"line":33,"column":30}}]},"2":{"type":"branch","line":37,"loc":{"start":{"line":37,"column":22},"end":{"line":39,"column":5}},"locations":[{"start":{"line":37,"column":22},"end":{"line":39,"column":5}}]}},"b":{"0":[1],"1":[0],"2":[0]},"fnMap":{},"f":{}}
,"D:\\009_kataacademy\\006_react\\module-04\\maybe-hh-look-like\\src\\processes\\redux\\reducers\\vacanciesSlice.ts": {"path":"D:\\009_kataacademy\\006_react\\module-04\\maybe-hh-look-like\\src\\processes\\redux\\reducers\\vacanciesSlice.ts","all":false,"statementMap":{"0":{"start":{"line":1,"column":0},"end":{"line":1,"column":47}},"2":{"start":{"line":3,"column":0},"end":{"line":3,"column":50}},"35":{"start":{"line":36,"column":0},"end":{"line":36,"column":38}},"36":{"start":{"line":37,"column":0},"end":{"line":37,"column":16}},"37":{"start":{"line":38,"column":0},"end":{"line":38,"column":15}},"38":{"start":{"line":39,"column":0},"end":{"line":39,"column":17}},"39":{"start":{"line":40,"column":0},"end":{"line":40,"column":46}},"40":{"start":{"line":41,"column":0},"end":{"line":41,"column":20}},"42":{"start":{"line":43,"column":0},"end":{"line":43,"column":17}},"43":{"start":{"line":44,"column":0},"end":{"line":44,"column":11}},"44":{"start":{"line":45,"column":0},"end":{"line":45,"column":2}},"46":{"start":{"line":47,"column":0},"end":{"line":47,"column":43}},"47":{"start":{"line":48,"column":0},"end":{"line":48,"column":20}},"48":{"start":{"line":49,"column":0},"end":{"line":49,"column":15}},"49":{"start":{"line":50,"column":0},"end":{"line":50,"column":13}},"50":{"start":{"line":51,"column":0},"end":{"line":51,"column":40}},"51":{"start":{"line":52,"column":0},"end":{"line":52,"column":41}},"52":{"start":{"line":53,"column":0},"end":{"line":53,"column":6}},"53":{"start":{"line":54,"column":0},"end":{"line":54,"column":41}},"54":{"start":{"line":55,"column":0},"end":{"line":55,"column":40}},"55":{"start":{"line":56,"column":0},"end":{"line":56,"column":6}},"56":{"start":{"line":57,"column":0},"end":{"line":57,"column":34}},"57":{"start":{"line":58,"column":0},"end":{"line":58,"column":78}},"59":{"start":{"line":60,"column":0},"end":{"line":60,"column":63}},"60":{"start":{"line":61,"column":0},"end":{"line":61,"column":37}},"61":{"start":{"line":62,"column":0},"end":{"line":62,"column":47}},"62":{"start":{"line":63,"column":0},"end":{"line":63,"column":14}},"63":{"start":{"line":64,"column":0},"end":{"line":64,"column":63}},"64":{"start":{"line":65,"column":0},"end":{"line":65,"column":7}},"65":{"start":{"line":66,"column":0},"end":{"line":66,"column":6}},"66":{"start":{"line":67,"column":0},"end":{"line":67,"column":37}},"67":{"start":{"line":68,"column":0},"end":{"line":68,"column":47}},"68":{"start":{"line":69,"column":0},"end":{"line":69,"column":43}},"69":{"start":{"line":70,"column":0},"end":{"line":70,"column":8}},"70":{"start":{"line":71,"column":0},"end":{"line":71,"column":6}},"71":{"start":{"line":72,"column":0},"end":{"line":72,"column":36}},"72":{"start":{"line":73,"column":0},"end":{"line":73,"column":31}},"73":{"start":{"line":74,"column":0},"end":{"line":74,"column":26}},"74":{"start":{"line":75,"column":0},"end":{"line":75,"column":35}},"75":{"start":{"line":76,"column":0},"end":{"line":76,"column":16}},"76":{"start":{"line":77,"column":0},"end":{"line":77,"column":22}},"77":{"start":{"line":78,"column":0},"end":{"line":78,"column":34}},"78":{"start":{"line":79,"column":0},"end":{"line":79,"column":16}},"79":{"start":{"line":80,"column":0},"end":{"line":80,"column":31}},"80":{"start":{"line":81,"column":0},"end":{"line":81,"column":34}},"81":{"start":{"line":82,"column":0},"end":{"line":82,"column":16}},"82":{"start":{"line":83,"column":0},"end":{"line":83,"column":16}},"83":{"start":{"line":84,"column":0},"end":{"line":84,"column":35}},"84":{"start":{"line":85,"column":0},"end":{"line":85,"column":16}},"85":{"start":{"line":86,"column":0},"end":{"line":86,"column":7}},"86":{"start":{"line":87,"column":0},"end":{"line":87,"column":28}},"87":{"start":{"line":88,"column":0},"end":{"line":88,"column":6}},"88":{"start":{"line":89,"column":0},"end":{"line":89,"column":4}},"89":{"start":{"line":90,"column":0},"end":{"line":90,"column":31}},"90":{"start":{"line":91,"column":0},"end":{"line":91,"column":11}},"91":{"start":{"line":92,"column":0},"end":{"line":92,"column":51}},"92":{"start":{"line":93,"column":0},"end":{"line":93,"column":28}},"93":{"start":{"line":94,"column":0},"end":{"line":94,"column":8}},"94":{"start":{"line":95,"column":0},"end":{"line":95,"column":61}},"95":{"start":{"line":96,"column":0},"end":{"line":96,"column":29}},"96":{"start":{"line":97,"column":0},"end":{"line":97,"column":75}},"97":{"start":{"line":98,"column":0},"end":{"line":98,"column":25}},"98":{"start":{"line":99,"column":0},"end":{"line":99,"column":32}},"99":{"start":{"line":100,"column":0},"end":{"line":100,"column":32}},"100":{"start":{"line":101,"column":0},"end":{"line":101,"column":8}},"101":{"start":{"line":102,"column":0},"end":{"line":102,"column":52}},"102":{"start":{"line":103,"column":0},"end":{"line":103,"column":29}},"103":{"start":{"line":104,"column":0},"end":{"line":104,"column":9}},"104":{"start":{"line":105,"column":0},"end":{"line":105,"column":4}},"105":{"start":{"line":106,"column":0},"end":{"line":106,"column":3}},"107":{"start":{"line":108,"column":0},"end":{"line":108,"column":14}},"108":{"start":{"line":109,"column":0},"end":{"line":109,"column":17}},"109":{"start":{"line":110,"column":0},"end":{"line":110,"column":18}},"110":{"start":{"line":111,"column":0},"end":{"line":111,"column":11}},"111":{"start":{"line":112,"column":0},"end":{"line":112,"column":14}},"112":{"start":{"line":113,"column":0},"end":{"line":113,"column":13}},"113":{"start":{"line":114,"column":0},"end":{"line":114,"column":27}},"115":{"start":{"line":116,"column":0},"end":{"line":116,"column":38}}},"s":{"0":1,"2":1,"35":1,"36":1,"37":1,"38":1,"39":1,"40":1,"42":1,"43":1,"44":1,"46":1,"47":1,"48":1,"49":1,"50":1,"51":0,"52":0,"53":1,"54":0,"55":0,"56":1,"57":0,"59":0,"60":0,"61":0,"62":0,"63":0,"64":0,"65":0,"66":1,"67":0,"68":0,"69":0,"70":0,"71":1,"72":0,"73":0,"74":0,"75":0,"76":0,"77":0,"78":0,"79":0,"80":0,"81":0,"82":0,"83":0,"84":0,"85":0,"86":0,"87":0,"88":1,"89":1,"90":5,"91":5,"92":1,"93":5,"94":5,"95":1,"96":1,"97":1,"98":1,"99":1,"100":5,"101":5,"102":0,"103":5,"104":5,"105":1,"107":1,"108":1,"109":1,"110":1,"111":1,"112":1,"113":1,"115":1},"branchMap":{"0":{"type":"branch","line":90,"loc":{"start":{"line":90,"column":17},"end":{"line":105,"column":4}},"locations":[{"start":{"line":90,"column":17},"end":{"line":105,"column":4}}]},"1":{"type":"branch","line":92,"loc":{"start":{"line":92,"column":39},"end":{"line":94,"column":7}},"locations":[{"start":{"line":92,"column":39},"end":{"line":94,"column":7}}]},"2":{"type":"branch","line":95,"loc":{"start":{"line":95,"column":41},"end":{"line":101,"column":7}},"locations":[{"start":{"line":95,"column":41},"end":{"line":101,"column":7}}]}},"b":{"0":[5],"1":[1],"2":[1]},"fnMap":{"0":{"name":"setCurrentPage","decl":{"start":{"line":51,"column":20},"end":{"line":53,"column":6}},"loc":{"start":{"line":51,"column":20},"end":{"line":53,"column":6}},"line":51},"1":{"name":"inputSearchText","decl":{"start":{"line":54,"column":21},"end":{"line":56,"column":6}},"loc":{"start":{"line":54,"column":21},"end":{"line":56,"column":6}},"line":54},"2":{"name":"addSkill","decl":{"start":{"line":57,"column":14},"end":{"line":66,"column":6}},"loc":{"start":{"line":57,"column":14},"end":{"line":66,"column":6}},"line":57},"3":{"name":"removeSkill","decl":{"start":{"line":67,"column":17},"end":{"line":71,"column":6}},"loc":{"start":{"line":67,"column":17},"end":{"line":71,"column":6}},"line":67},"4":{"name":"selectArea","decl":{"start":{"line":72,"column":16},"end":{"line":88,"column":6}},"loc":{"start":{"line":72,"column":16},"end":{"line":88,"column":6}},"line":72},"5":{"name":"extraReducers","decl":{"start":{"line":90,"column":17},"end":{"line":105,"column":4}},"loc":{"start":{"line":90,"column":17},"end":{"line":105,"column":4}},"line":90}},"f":{"0":0,"1":0,"2":0,"3":0,"4":0,"5":5}}
,"D:\\009_kataacademy\\006_react\\module-04\\maybe-hh-look-like\\src\\processes\\redux\\store\\store.ts": {"path":"D:\\009_kataacademy\\006_react\\module-04\\maybe-hh-look-like\\src\\processes\\redux\\store\\store.ts","all":false,"statementMap":{"0":{"start":{"line":1,"column":0},"end":{"line":1,"column":67}},"2":{"start":{"line":3,"column":0},"end":{"line":3,"column":58}},"4":{"start":{"line":5,"column":0},"end":{"line":5,"column":58}},"6":{"start":{"line":7,"column":0},"end":{"line":7,"column":67}}},"s":{"0":1,"2":1,"4":1,"6":1},"branchMap":{},"b":{},"fnMap":{},"f":{}}
,"D:\\009_kataacademy\\006_react\\module-04\\maybe-hh-look-like\\src\\processes\\test-utils\\render.tsx": {"path":"D:\\009_kataacademy\\006_react\\module-04\\maybe-hh-look-like\\src\\processes\\test-utils\\render.tsx","all":false,"statementMap":{"0":{"start":{"line":1,"column":0},"end":{"line":1,"column":72}},"1":{"start":{"line":2,"column":0},"end":{"line":2,"column":48}},"3":{"start":{"line":4,"column":0},"end":{"line":4,"column":45}},"4":{"start":{"line":5,"column":0},"end":{"line":5,"column":42}},"5":{"start":{"line":6,"column":0},"end":{"line":6,"column":63}},"6":{"start":{"line":7,"column":0},"end":{"line":7,"column":62}},"8":{"start":{"line":9,"column":0},"end":{"line":9,"column":5}},"9":{"start":{"line":10,"column":0},"end":{"line":10,"column":1}}},"s":{"0":1,"1":1,"3":1,"4":5,"5":5,"6":5,"8":5,"9":5},"branchMap":{"0":{"type":"branch","line":4,"loc":{"start":{"line":4,"column":7},"end":{"line":10,"column":1}},"locations":[{"start":{"line":4,"column":7},"end":{"line":10,"column":1}}]},"1":{"type":"branch","line":6,"loc":{"start":{"line":6,"column":13},"end":{"line":7,"column":62}},"locations":[{"start":{"line":6,"column":13},"end":{"line":7,"column":62}}]}},"b":{"0":[5],"1":[5]},"fnMap":{"0":{"name":"render","decl":{"start":{"line":4,"column":7},"end":{"line":10,"column":1}},"loc":{"start":{"line":4,"column":7},"end":{"line":10,"column":1}},"line":4},"1":{"name":"wrapper","decl":{"start":{"line":6,"column":13},"end":{"line":7,"column":62}},"loc":{"start":{"line":6,"column":13},"end":{"line":7,"column":62}},"line":6}},"f":{"0":5,"1":5}}
,"D:\\009_kataacademy\\006_react\\module-04\\maybe-hh-look-like\\src\\shared\\index.ts": {"path":"D:\\009_kataacademy\\006_react\\module-04\\maybe-hh-look-like\\src\\shared\\index.ts","all":false,"statementMap":{"0":{"start":{"line":1,"column":0},"end":{"line":1,"column":39}},"1":{"start":{"line":2,"column":0},"end":{"line":2,"column":49}},"2":{"start":{"line":3,"column":0},"end":{"line":3,"column":53}},"3":{"start":{"line":4,"column":0},"end":{"line":4,"column":47}},"4":{"start":{"line":5,"column":0},"end":{"line":5,"column":49}}},"s":{"0":1,"1":1,"2":1,"3":1,"4":1},"branchMap":{},"b":{},"fnMap":{},"f":{}}
,"D:\\009_kataacademy\\006_react\\module-04\\maybe-hh-look-like\\src\\shared\\components\\LoaderUI\\LoaderUI.tsx": {"path":"D:\\009_kataacademy\\006_react\\module-04\\maybe-hh-look-like\\src\\shared\\components\\LoaderUI\\LoaderUI.tsx","all":false,"statementMap":{"0":{"start":{"line":1,"column":0},"end":{"line":1,"column":39}},"2":{"start":{"line":3,"column":0},"end":{"line":3,"column":43}},"4":{"start":{"line":5,"column":0},"end":{"line":5,"column":31}},"5":{"start":{"line":6,"column":0},"end":{"line":6,"column":10}},"6":{"start":{"line":7,"column":0},"end":{"line":7,"column":48}},"7":{"start":{"line":8,"column":0},"end":{"line":8,"column":53}},"8":{"start":{"line":9,"column":0},"end":{"line":9,"column":10}},"10":{"start":{"line":11,"column":0},"end":{"line":11,"column":2}}},"s":{"0":1,"2":1,"4":1,"5":1,"6":1,"7":1,"8":1,"10":1},"branchMap":{"0":{"type":"branch","line":5,"loc":{"start":{"line":5,"column":24},"end":{"line":11,"column":2}},"locations":[{"start":{"line":5,"column":24},"end":{"line":11,"column":2}}]}},"b":{"0":[1]},"fnMap":{"0":{"name":"LoaderUI","decl":{"start":{"line":5,"column":24},"end":{"line":11,"column":2}},"loc":{"start":{"line":5,"column":24},"end":{"line":11,"column":2}},"line":5}},"f":{"0":1}}
,"D:\\009_kataacademy\\006_react\\module-04\\maybe-hh-look-like\\src\\shared\\components\\Logo\\Logo.tsx": {"path":"D:\\009_kataacademy\\006_react\\module-04\\maybe-hh-look-like\\src\\shared\\components\\Logo\\Logo.tsx","all":false,"statementMap":{"0":{"start":{"line":1,"column":0},"end":{"line":1,"column":57}},"2":{"start":{"line":3,"column":0},"end":{"line":3,"column":39}},"4":{"start":{"line":5,"column":0},"end":{"line":5,"column":27}},"5":{"start":{"line":6,"column":0},"end":{"line":6,"column":10}},"6":{"start":{"line":7,"column":0},"end":{"line":7,"column":47}},"7":{"start":{"line":8,"column":0},"end":{"line":8,"column":10}},"8":{"start":{"line":9,"column":0},"end":{"line":9,"column":40}},"9":{"start":{"line":10,"column":0},"end":{"line":10,"column":22}},"10":{"start":{"line":11,"column":0},"end":{"line":11,"column":23}},"11":{"start":{"line":12,"column":0},"end":{"line":12,"column":18}},"12":{"start":{"line":13,"column":0},"end":{"line":13,"column":19}},"13":{"start":{"line":14,"column":0},"end":{"line":14,"column":8}},"14":{"start":{"line":15,"column":0},"end":{"line":15,"column":58}},"15":{"start":{"line":16,"column":0},"end":{"line":16,"column":10}},"17":{"start":{"line":18,"column":0},"end":{"line":18,"column":2}}},"s":{"0":1,"2":1,"4":1,"5":4,"6":4,"7":4,"8":4,"9":4,"10":4,"11":4,"12":4,"13":4,"14":4,"15":4,"17":4},"branchMap":{"0":{"type":"branch","line":5,"loc":{"start":{"line":5,"column":20},"end":{"line":18,"column":2}},"locations":[{"start":{"line":5,"column":20},"end":{"line":18,"column":2}}]}},"b":{"0":[4]},"fnMap":{"0":{"name":"Logo","decl":{"start":{"line":5,"column":20},"end":{"line":18,"column":2}},"loc":{"start":{"line":5,"column":20},"end":{"line":18,"column":2}},"line":5}},"f":{"0":4}}
,"D:\\009_kataacademy\\006_react\\module-04\\maybe-hh-look-like\\src\\shared\\components\\NavHeader\\NavHeader.tsx": {"path":"D:\\009_kataacademy\\006_react\\module-04\\maybe-hh-look-like\\src\\shared\\components\\NavHeader\\NavHeader.tsx","all":false,"statementMap":{"0":{"start":{"line":1,"column":0},"end":{"line":1,"column":44}},"2":{"start":{"line":3,"column":0},"end":{"line":3,"column":32}},"3":{"start":{"line":4,"column":0},"end":{"line":4,"column":10}},"4":{"start":{"line":5,"column":0},"end":{"line":5,"column":40}},"5":{"start":{"line":6,"column":0},"end":{"line":6,"column":47}},"6":{"start":{"line":7,"column":0},"end":{"line":7,"column":49}},"7":{"start":{"line":8,"column":0},"end":{"line":8,"column":12}},"8":{"start":{"line":9,"column":0},"end":{"line":9,"column":20}},"9":{"start":{"line":10,"column":0},"end":{"line":10,"column":89}},"10":{"start":{"line":11,"column":0},"end":{"line":11,"column":11}},"12":{"start":{"line":13,"column":0},"end":{"line":13,"column":14}},"13":{"start":{"line":14,"column":0},"end":{"line":14,"column":13}},"14":{"start":{"line":15,"column":0},"end":{"line":15,"column":49}},"15":{"start":{"line":16,"column":0},"end":{"line":16,"column":12}},"16":{"start":{"line":17,"column":0},"end":{"line":17,"column":20}},"17":{"start":{"line":18,"column":0},"end":{"line":18,"column":91}},"18":{"start":{"line":19,"column":0},"end":{"line":19,"column":11}},"20":{"start":{"line":21,"column":0},"end":{"line":21,"column":14}},"21":{"start":{"line":22,"column":0},"end":{"line":22,"column":13}},"22":{"start":{"line":23,"column":0},"end":{"line":23,"column":11}},"23":{"start":{"line":24,"column":0},"end":{"line":24,"column":10}},"25":{"start":{"line":26,"column":0},"end":{"line":26,"column":2}}},"s":{"0":1,"2":1,"3":3,"4":3,"5":3,"6":3,"7":3,"8":3,"9":3,"10":3,"12":3,"13":3,"14":3,"15":3,"16":3,"17":3,"18":3,"20":3,"21":3,"22":3,"23":3,"25":3},"branchMap":{"0":{"type":"branch","line":3,"loc":{"start":{"line":3,"column":25},"end":{"line":26,"column":2}},"locations":[{"start":{"line":3,"column":25},"end":{"line":26,"column":2}}]}},"b":{"0":[3]},"fnMap":{"0":{"name":"NavHeader","decl":{"start":{"line":3,"column":25},"end":{"line":26,"column":2}},"loc":{"start":{"line":3,"column":25},"end":{"line":26,"column":2}},"line":3}},"f":{"0":3}}
,"D:\\009_kataacademy\\006_react\\module-04\\maybe-hh-look-like\\src\\shared\\components\\NoResults\\NoResults.tsx": {"path":"D:\\009_kataacademy\\006_react\\module-04\\maybe-hh-look-like\\src\\shared\\components\\NoResults\\NoResults.tsx","all":false,"statementMap":{"0":{"start":{"line":1,"column":0},"end":{"line":1,"column":44}},"2":{"start":{"line":3,"column":0},"end":{"line":3,"column":32}},"3":{"start":{"line":4,"column":0},"end":{"line":4,"column":10}},"4":{"start":{"line":5,"column":0},"end":{"line":5,"column":53}},"6":{"start":{"line":7,"column":0},"end":{"line":7,"column":10}},"8":{"start":{"line":9,"column":0},"end":{"line":9,"column":2}}},"s":{"0":1,"2":1,"3":1,"4":1,"6":1,"8":1},"branchMap":{"0":{"type":"branch","line":3,"loc":{"start":{"line":3,"column":25},"end":{"line":9,"column":2}},"locations":[{"start":{"line":3,"column":25},"end":{"line":9,"column":2}}]}},"b":{"0":[1]},"fnMap":{"0":{"name":"NoResults","decl":{"start":{"line":3,"column":25},"end":{"line":9,"column":2}},"loc":{"start":{"line":3,"column":25},"end":{"line":9,"column":2}},"line":3}},"f":{"0":1}}
,"D:\\009_kataacademy\\006_react\\module-04\\maybe-hh-look-like\\src\\shared\\components\\VacancyCard\\VacancyCard.tsx": {"path":"D:\\009_kataacademy\\006_react\\module-04\\maybe-hh-look-like\\src\\shared\\components\\VacancyCard\\VacancyCard.tsx","all":false,"statementMap":{"0":{"start":{"line":1,"column":0},"end":{"line":1,"column":38}},"2":{"start":{"line":3,"column":0},"end":{"line":3,"column":72}},"6":{"start":{"line":7,"column":0},"end":{"line":7,"column":46}},"12":{"start":{"line":13,"column":0},"end":{"line":13,"column":19}},"13":{"start":{"line":14,"column":0},"end":{"line":14,"column":61}},"14":{"start":{"line":15,"column":0},"end":{"line":15,"column":6}},"15":{"start":{"line":16,"column":0},"end":{"line":16,"column":14}},"16":{"start":{"line":17,"column":0},"end":{"line":17,"column":16}},"17":{"start":{"line":18,"column":0},"end":{"line":18,"column":3}},"19":{"start":{"line":20,"column":0},"end":{"line":20,"column":18}},"21":{"start":{"line":22,"column":0},"end":{"line":22,"column":44}},"22":{"start":{"line":23,"column":0},"end":{"line":23,"column":43}},"23":{"start":{"line":24,"column":0},"end":{"line":24,"column":24}},"24":{"start":{"line":25,"column":0},"end":{"line":25,"column":48}},"25":{"start":{"line":26,"column":0},"end":{"line":26,"column":10}},"26":{"start":{"line":27,"column":0},"end":{"line":27,"column":58}},"27":{"start":{"line":28,"column":0},"end":{"line":28,"column":3}},"29":{"start":{"line":30,"column":0},"end":{"line":30,"column":10}},"30":{"start":{"line":31,"column":0},"end":{"line":31,"column":76}},"32":{"start":{"line":33,"column":0},"end":{"line":33,"column":2}},"34":{"start":{"line":35,"column":0},"end":{"line":35,"column":56}},"35":{"start":{"line":36,"column":0},"end":{"line":36,"column":14}},"36":{"start":{"line":37,"column":0},"end":{"line":37,"column":16}},"37":{"start":{"line":38,"column":0},"end":{"line":38,"column":3}},"39":{"start":{"line":40,"column":0},"end":{"line":40,"column":22}},"41":{"start":{"line":42,"column":0},"end":{"line":42,"column":20}},"42":{"start":{"line":43,"column":0},"end":{"line":43,"column":24}},"43":{"start":{"line":44,"column":0},"end":{"line":44,"column":31}},"44":{"start":{"line":45,"column":0},"end":{"line":45,"column":12}},"45":{"start":{"line":46,"column":0},"end":{"line":46,"column":24}},"46":{"start":{"line":47,"column":0},"end":{"line":47,"column":35}},"47":{"start":{"line":48,"column":0},"end":{"line":48,"column":12}},"48":{"start":{"line":49,"column":0},"end":{"line":49,"column":24}},"49":{"start":{"line":50,"column":0},"end":{"line":50,"column":34}},"50":{"start":{"line":51,"column":0},"end":{"line":51,"column":12}},"51":{"start":{"line":52,"column":0},"end":{"line":52,"column":21}},"52":{"start":{"line":53,"column":0},"end":{"line":53,"column":38}},"53":{"start":{"line":54,"column":0},"end":{"line":54,"column":12}},"55":{"start":{"line":56,"column":0},"end":{"line":56,"column":12}},"56":{"start":{"line":57,"column":0},"end":{"line":57,"column":12}},"57":{"start":{"line":58,"column":0},"end":{"line":58,"column":3}},"59":{"start":{"line":60,"column":0},"end":{"line":60,"column":76}},"60":{"start":{"line":61,"column":0},"end":{"line":61,"column":2}},"62":{"start":{"line":63,"column":0},"end":{"line":63,"column":63}},"63":{"start":{"line":64,"column":0},"end":{"line":64,"column":36}},"64":{"start":{"line":65,"column":0},"end":{"line":65,"column":16}},"65":{"start":{"line":66,"column":0},"end":{"line":66,"column":3}},"67":{"start":{"line":68,"column":0},"end":{"line":68,"column":22}},"68":{"start":{"line":69,"column":0},"end":{"line":69,"column":17}},"70":{"start":{"line":71,"column":0},"end":{"line":71,"column":29}},"71":{"start":{"line":72,"column":0},"end":{"line":72,"column":22}},"72":{"start":{"line":73,"column":0},"end":{"line":73,"column":21}},"73":{"start":{"line":74,"column":0},"end":{"line":74,"column":28}},"74":{"start":{"line":75,"column":0},"end":{"line":75,"column":40}},"75":{"start":{"line":76,"column":0},"end":{"line":76,"column":14}},"76":{"start":{"line":77,"column":0},"end":{"line":77,"column":20}},"77":{"start":{"line":78,"column":0},"end":{"line":78,"column":38}},"78":{"start":{"line":79,"column":0},"end":{"line":79,"column":26}},"79":{"start":{"line":80,"column":0},"end":{"line":80,"column":14}},"80":{"start":{"line":81,"column":0},"end":{"line":81,"column":24}},"81":{"start":{"line":82,"column":0},"end":{"line":82,"column":34}},"82":{"start":{"line":83,"column":0},"end":{"line":83,"column":40}},"83":{"start":{"line":84,"column":0},"end":{"line":84,"column":14}},"84":{"start":{"line":85,"column":0},"end":{"line":85,"column":20}},"85":{"start":{"line":86,"column":0},"end":{"line":86,"column":30}},"86":{"start":{"line":87,"column":0},"end":{"line":87,"column":26}},"87":{"start":{"line":88,"column":0},"end":{"line":88,"column":14}},"89":{"start":{"line":90,"column":0},"end":{"line":90,"column":14}},"90":{"start":{"line":91,"column":0},"end":{"line":91,"column":14}},"91":{"start":{"line":92,"column":0},"end":{"line":92,"column":5}},"93":{"start":{"line":94,"column":0},"end":{"line":94,"column":12}},"94":{"start":{"line":95,"column":0},"end":{"line":95,"column":52}},"95":{"start":{"line":96,"column":0},"end":{"line":96,"column":20}},"96":{"start":{"line":97,"column":0},"end":{"line":97,"column":14}},"98":{"start":{"line":99,"column":0},"end":{"line":99,"column":5}},"99":{"start":{"line":100,"column":0},"end":{"line":100,"column":2}},"101":{"start":{"line":102,"column":0},"end":{"line":102,"column":70}},"102":{"start":{"line":103,"column":0},"end":{"line":103,"column":14}},"103":{"start":{"line":104,"column":0},"end":{"line":104,"column":16}},"104":{"start":{"line":105,"column":0},"end":{"line":105,"column":3}},"106":{"start":{"line":107,"column":0},"end":{"line":107,"column":6}},"107":{"start":{"line":108,"column":0},"end":{"line":108,"column":49}},"108":{"start":{"line":109,"column":0},"end":{"line":109,"column":55}},"109":{"start":{"line":110,"column":0},"end":{"line":110,"column":5}},"110":{"start":{"line":111,"column":0},"end":{"line":111,"column":16}},"111":{"start":{"line":112,"column":0},"end":{"line":112,"column":3}},"113":{"start":{"line":114,"column":0},"end":{"line":114,"column":64}},"114":{"start":{"line":115,"column":0},"end":{"line":115,"column":2}},"116":{"start":{"line":117,"column":0},"end":{"line":117,"column":45}},"117":{"start":{"line":118,"column":0},"end":{"line":118,"column":79}},"118":{"start":{"line":119,"column":0},"end":{"line":119,"column":2}},"120":{"start":{"line":121,"column":0},"end":{"line":121,"column":60}},"121":{"start":{"line":122,"column":0},"end":{"line":122,"column":39}},"122":{"start":{"line":123,"column":0},"end":{"line":123,"column":49}},"123":{"start":{"line":124,"column":0},"end":{"line":124,"column":4}},"125":{"start":{"line":126,"column":0},"end":{"line":126,"column":10}},"126":{"start":{"line":127,"column":0},"end":{"line":127,"column":49}},"127":{"start":{"line":128,"column":0},"end":{"line":128,"column":21}},"128":{"start":{"line":129,"column":0},"end":{"line":129,"column":70}},"131":{"start":{"line":132,"column":0},"end":{"line":132,"column":44}},"132":{"start":{"line":133,"column":0},"end":{"line":133,"column":76}},"133":{"start":{"line":134,"column":0},"end":{"line":134,"column":34}},"134":{"start":{"line":135,"column":0},"end":{"line":135,"column":42}},"135":{"start":{"line":136,"column":0},"end":{"line":136,"column":14}},"138":{"start":{"line":139,"column":0},"end":{"line":139,"column":30}},"139":{"start":{"line":140,"column":0},"end":{"line":140,"column":80}},"142":{"start":{"line":143,"column":0},"end":{"line":143,"column":28}},"143":{"start":{"line":144,"column":0},"end":{"line":144,"column":61}},"144":{"start":{"line":145,"column":0},"end":{"line":145,"column":43}},"145":{"start":{"line":146,"column":0},"end":{"line":146,"column":14}},"148":{"start":{"line":149,"column":0},"end":{"line":149,"column":44}},"150":{"start":{"line":151,"column":0},"end":{"line":151,"column":55}},"151":{"start":{"line":152,"column":0},"end":{"line":152,"column":15}},"152":{"start":{"line":153,"column":0},"end":{"line":153,"column":23}},"153":{"start":{"line":154,"column":0},"end":{"line":154,"column":60}},"154":{"start":{"line":155,"column":0},"end":{"line":155,"column":9}},"156":{"start":{"line":157,"column":0},"end":{"line":157,"column":17}},"157":{"start":{"line":158,"column":0},"end":{"line":158,"column":15}},"158":{"start":{"line":159,"column":0},"end":{"line":159,"column":23}},"159":{"start":{"line":160,"column":0},"end":{"line":160,"column":61}},"160":{"start":{"line":161,"column":0},"end":{"line":161,"column":54}},"161":{"start":{"line":162,"column":0},"end":{"line":162,"column":9}},"163":{"start":{"line":164,"column":0},"end":{"line":164,"column":17}},"164":{"start":{"line":165,"column":0},"end":{"line":165,"column":12}},"165":{"start":{"line":166,"column":0},"end":{"line":166,"column":9}},"167":{"start":{"line":168,"column":0},"end":{"line":168,"column":2}}},"s":{"0":1,"2":1,"6":1,"12":1,"13":11,"14":11,"15":11,"16":7,"17":7,"19":4,"21":11,"22":0,"23":11,"24":1,"25":4,"26":3,"27":3,"29":4,"30":4,"32":4,"34":1,"35":11,"36":0,"37":0,"39":11,"41":11,"42":11,"43":0,"44":0,"45":11,"46":3,"47":3,"48":11,"49":8,"50":8,"51":11,"52":0,"53":0,"55":11,"56":0,"57":11,"59":11,"60":11,"62":1,"63":11,"64":2,"65":2,"67":9,"68":9,"70":9,"71":9,"72":9,"73":2,"74":2,"75":2,"76":9,"77":6,"78":6,"79":6,"80":9,"81":0,"82":0,"83":0,"84":9,"85":0,"86":0,"87":0,"89":9,"90":1,"91":9,"93":9,"94":9,"95":9,"96":9,"98":9,"99":9,"101":1,"102":11,"103":0,"104":0,"106":11,"107":11,"108":11,"109":11,"110":0,"111":0,"113":11,"114":11,"116":1,"117":0,"118":0,"120":1,"121":11,"122":11,"123":11,"125":11,"126":11,"127":11,"128":11,"131":11,"132":11,"133":11,"134":11,"135":11,"138":11,"139":11,"142":11,"143":11,"144":11,"145":11,"148":11,"150":11,"151":11,"152":11,"153":11,"154":11,"156":11,"157":11,"158":11,"159":11,"160":11,"161":11,"163":11,"164":11,"165":11,"167":11},"branchMap":{"0":{"type":"branch","line":13,"loc":{"start":{"line":13,"column":18},"end":{"line":33,"column":2}},"locations":[{"start":{"line":13,"column":18},"end":{"line":33,"column":2}}]},"1":{"type":"branch","line":16,"loc":{"start":{"line":16,"column":13},"end":{"line":18,"column":3}},"locations":[{"start":{"line":16,"column":13},"end":{"line":18,"column":3}}]},"2":{"type":"branch","line":18,"loc":{"start":{"line":18,"column":2},"end":{"line":22,"column":43}},"locations":[{"start":{"line":18,"column":2},"end":{"line":22,"column":43}}]},"3":{"type":"branch","line":22,"loc":{"start":{"line":22,"column":43},"end":{"line":24,"column":13}},"locations":[{"start":{"line":22,"column":43},"end":{"line":24,"column":13}}]},"4":{"type":"branch","line":24,"loc":{"start":{"line":24,"column":2},"end":{"line":33,"column":2}},"locations":[{"start":{"line":24,"column":2},"end":{"line":33,"column":2}}]},"5":{"type":"branch","line":24,"loc":{"start":{"line":24,"column":23},"end":{"line":26,"column":9}},"locations":[{"start":{"line":24,"column":23},"end":{"line":26,"column":9}}]},"6":{"type":"branch","line":26,"loc":{"start":{"line":26,"column":2},"end":{"line":28,"column":3}},"locations":[{"start":{"line":26,"column":2},"end":{"line":28,"column":3}}]},"7":{"type":"branch","line":35,"loc":{"start":{"line":35,"column":22},"end":{"line":61,"column":2}},"locations":[{"start":{"line":35,"column":22},"end":{"line":61,"column":2}}]},"8":{"type":"branch","line":36,"loc":{"start":{"line":36,"column":13},"end":{"line":38,"column":3}},"locations":[{"start":{"line":36,"column":13},"end":{"line":38,"column":3}}]},"9":{"type":"branch","line":43,"loc":{"start":{"line":43,"column":4},"end":{"line":45,"column":12}},"locations":[{"start":{"line":43,"column":4},"end":{"line":45,"column":12}}]},"10":{"type":"branch","line":46,"loc":{"start":{"line":46,"column":4},"end":{"line":48,"column":12}},"locations":[{"start":{"line":46,"column":4},"end":{"line":48,"column":12}}]},"11":{"type":"branch","line":49,"loc":{"start":{"line":49,"column":4},"end":{"line":51,"column":12}},"locations":[{"start":{"line":49,"column":4},"end":{"line":51,"column":12}}]},"12":{"type":"branch","line":52,"loc":{"start":{"line":52,"column":4},"end":{"line":54,"column":12}},"locations":[{"start":{"line":52,"column":4},"end":{"line":54,"column":12}}]},"13":{"type":"branch","line":56,"loc":{"start":{"line":56,"column":4},"end":{"line":57,"column":12}},"locations":[{"start":{"line":56,"column":4},"end":{"line":57,"column":12}}]},"14":{"type":"branch","line":63,"loc":{"start":{"line":63,"column":22},"end":{"line":100,"column":2}},"locations":[{"start":{"line":63,"column":22},"end":{"line":100,"column":2}}]},"15":{"type":"branch","line":64,"loc":{"start":{"line":64,"column":23},"end":{"line":64,"column":35}},"locations":[{"start":{"line":64,"column":23},"end":{"line":64,"column":35}}]},"16":{"type":"branch","line":64,"loc":{"start":{"line":64,"column":35},"end":{"line":66,"column":3}},"locations":[{"start":{"line":64,"column":35},"end":{"line":66,"column":3}}]},"17":{"type":"branch","line":66,"loc":{"start":{"line":66,"column":2},"end":{"line":100,"column":2}},"locations":[{"start":{"line":66,"column":2},"end":{"line":100,"column":2}}]},"18":{"type":"branch","line":71,"loc":{"start":{"line":71,"column":18},"end":{"line":99,"column":3}},"locations":[{"start":{"line":71,"column":18},"end":{"line":99,"column":3}}]},"19":{"type":"branch","line":73,"loc":{"start":{"line":73,"column":6},"end":{"line":76,"column":14}},"locations":[{"start":{"line":73,"column":6},"end":{"line":76,"column":14}}]},"20":{"type":"branch","line":77,"loc":{"start":{"line":77,"column":6},"end":{"line":80,"column":14}},"locations":[{"start":{"line":77,"column":6},"end":{"line":80,"column":14}}]},"21":{"type":"branch","line":81,"loc":{"start":{"line":81,"column":6},"end":{"line":84,"column":14}},"locations":[{"start":{"line":81,"column":6},"end":{"line":84,"column":14}}]},"22":{"type":"branch","line":85,"loc":{"start":{"line":85,"column":6},"end":{"line":88,"column":14}},"locations":[{"start":{"line":85,"column":6},"end":{"line":88,"column":14}}]},"23":{"type":"branch","line":90,"loc":{"start":{"line":90,"column":6},"end":{"line":91,"column":14}},"locations":[{"start":{"line":90,"column":6},"end":{"line":91,"column":14}}]},"24":{"type":"branch","line":102,"loc":{"start":{"line":102,"column":16},"end":{"line":115,"column":2}},"locations":[{"start":{"line":102,"column":16},"end":{"line":115,"column":2}}]},"25":{"type":"branch","line":103,"loc":{"start":{"line":103,"column":13},"end":{"line":105,"column":3}},"locations":[{"start":{"line":103,"column":13},"end":{"line":105,"column":3}}]},"26":{"type":"branch","line":108,"loc":{"start":{"line":108,"column":14},"end":{"line":108,"column":49}},"locations":[{"start":{"line":108,"column":14},"end":{"line":108,"column":49}}]},"27":{"type":"branch","line":109,"loc":{"start":{"line":109,"column":14},"end":{"line":109,"column":55}},"locations":[{"start":{"line":109,"column":14},"end":{"line":109,"column":55}}]},"28":{"type":"branch","line":110,"loc":{"start":{"line":110,"column":4},"end":{"line":112,"column":3}},"locations":[{"start":{"line":110,"column":4},"end":{"line":112,"column":3}}]},"29":{"type":"branch","line":121,"loc":{"start":{"line":121,"column":27},"end":{"line":168,"column":2}},"locations":[{"start":{"line":121,"column":27},"end":{"line":168,"column":2}}]},"30":{"type":"branch","line":132,"loc":{"start":{"line":132,"column":13},"end":{"line":132,"column":44}},"locations":[{"start":{"line":132,"column":13},"end":{"line":132,"column":44}}]},"31":{"type":"branch","line":123,"loc":{"start":{"line":123,"column":4},"end":{"line":123,"column":49}},"locations":[{"start":{"line":123,"column":4},"end":{"line":123,"column":49}}]}},"b":{"0":[11],"1":[7],"2":[4],"3":[0],"4":[4],"5":[1],"6":[3],"7":[11],"8":[0],"9":[0],"10":[3],"11":[8],"12":[0],"13":[0],"14":[11],"15":[9],"16":[2],"17":[9],"18":[9],"19":[2],"20":[6],"21":[0],"22":[0],"23":[1],"24":[11],"25":[0],"26":[8],"27":[1],"28":[0],"29":[11],"30":[7],"31":[22]},"fnMap":{"0":{"name":"getSalary","decl":{"start":{"line":13,"column":18},"end":{"line":33,"column":2}},"loc":{"start":{"line":13,"column":18},"end":{"line":33,"column":2}},"line":13},"1":{"name":"getExperience","decl":{"start":{"line":35,"column":22},"end":{"line":61,"column":2}},"loc":{"start":{"line":35,"column":22},"end":{"line":61,"column":2}},"line":35},"2":{"name":"getWorkFormat","decl":{"start":{"line":63,"column":22},"end":{"line":100,"column":2}},"loc":{"start":{"line":63,"column":22},"end":{"line":100,"column":2}},"line":63},"3":{"name":"getArea","decl":{"start":{"line":102,"column":16},"end":{"line":115,"column":2}},"loc":{"start":{"line":102,"column":16},"end":{"line":115,"column":2}},"line":102},"4":{"name":"openVacancyInNewTab","decl":{"start":{"line":117,"column":28},"end":{"line":119,"column":2}},"loc":{"start":{"line":117,"column":28},"end":{"line":119,"column":2}},"line":117},"5":{"name":"VacancyCard","decl":{"start":{"line":121,"column":27},"end":{"line":168,"column":2}},"loc":{"start":{"line":121,"column":27},"end":{"line":168,"column":2}},"line":121},"6":{"name":"onClick","decl":{"start":{"line":161,"column":19},"end":{"line":161,"column":54}},"loc":{"start":{"line":161,"column":19},"end":{"line":161,"column":54}},"line":161}},"f":{"0":11,"1":11,"2":11,"3":11,"4":0,"5":11,"6":0}}
,"D:\\009_kataacademy\\006_react\\module-04\\maybe-hh-look-like\\src\\widgets\\index.ts": {"path":"D:\\009_kataacademy\\006_react\\module-04\\maybe-hh-look-like\\src\\widgets\\index.ts","all":false,"statementMap":{"0":{"start":{"line":1,"column":0},"end":{"line":1,"column":32}},"1":{"start":{"line":2,"column":0},"end":{"line":2,"column":38}},"2":{"start":{"line":3,"column":0},"end":{"line":3,"column":36}},"3":{"start":{"line":4,"column":0},"end":{"line":4,"column":40}},"4":{"start":{"line":5,"column":0},"end":{"line":5,"column":44}}},"s":{"0":1,"1":1,"2":1,"3":1,"4":1},"branchMap":{},"b":{},"fnMap":{},"f":{}}
,"D:\\009_kataacademy\\006_react\\module-04\\maybe-hh-look-like\\src\\widgets\\AreaSelect\\AreaSelect.tsx": {"path":"D:\\009_kataacademy\\006_react\\module-04\\maybe-hh-look-like\\src\\widgets\\AreaSelect\\AreaSelect.tsx","all":false,"statementMap":{"0":{"start":{"line":1,"column":0},"end":{"line":1,"column":33}},"1":{"start":{"line":2,"column":0},"end":{"line":2,"column":39}},"3":{"start":{"line":4,"column":0},"end":{"line":4,"column":8}},"8":{"start":{"line":9,"column":0},"end":{"line":9,"column":75}},"10":{"start":{"line":11,"column":0},"end":{"line":11,"column":55}},"12":{"start":{"line":13,"column":0},"end":{"line":13,"column":45}},"14":{"start":{"line":15,"column":0},"end":{"line":15,"column":33}},"15":{"start":{"line":16,"column":0},"end":{"line":16,"column":38}},"17":{"start":{"line":18,"column":0},"end":{"line":18,"column":39}},"18":{"start":{"line":19,"column":0},"end":{"line":19,"column":49}},"19":{"start":{"line":20,"column":0},"end":{"line":20,"column":4}},"21":{"start":{"line":22,"column":0},"end":{"line":22,"column":58}},"23":{"start":{"line":24,"column":0},"end":{"line":24,"column":52}},"24":{"start":{"line":25,"column":0},"end":{"line":25,"column":30}},"25":{"start":{"line":26,"column":0},"end":{"line":26,"column":22}},"26":{"start":{"line":27,"column":0},"end":{"line":27,"column":4}},"28":{"start":{"line":29,"column":0},"end":{"line":29,"column":57}},"30":{"start":{"line":31,"column":0},"end":{"line":31,"column":10}},"31":{"start":{"line":32,"column":0},"end":{"line":32,"column":54}},"32":{"start":{"line":33,"column":0},"end":{"line":33,"column":13}},"33":{"start":{"line":34,"column":0},"end":{"line":34,"column":58}},"34":{"start":{"line":35,"column":0},"end":{"line":35,"column":39}},"35":{"start":{"line":36,"column":0},"end":{"line":36,"column":28}},"36":{"start":{"line":37,"column":0},"end":{"line":37,"column":25}},"37":{"start":{"line":38,"column":0},"end":{"line":38,"column":41}},"38":{"start":{"line":39,"column":0},"end":{"line":39,"column":46}},"39":{"start":{"line":40,"column":0},"end":{"line":40,"column":32}},"40":{"start":{"line":41,"column":0},"end":{"line":41,"column":17}},"41":{"start":{"line":42,"column":0},"end":{"line":42,"column":8}},"42":{"start":{"line":43,"column":0},"end":{"line":43,"column":10}},"44":{"start":{"line":45,"column":0},"end":{"line":45,"column":2}}},"s":{"0":1,"1":1,"3":1,"8":1,"10":1,"12":1,"14":1,"15":3,"17":3,"18":3,"19":3,"21":3,"23":3,"24":0,"25":0,"26":0,"28":3,"30":3,"31":3,"32":3,"33":3,"34":3,"35":3,"36":3,"37":3,"38":3,"39":3,"40":3,"41":3,"42":3,"44":3},"branchMap":{"0":{"type":"branch","line":15,"loc":{"start":{"line":15,"column":26},"end":{"line":45,"column":2}},"locations":[{"start":{"line":15,"column":26},"end":{"line":45,"column":2}}]},"1":{"type":"branch","line":19,"loc":{"start":{"line":19,"column":4},"end":{"line":19,"column":49}},"locations":[{"start":{"line":19,"column":4},"end":{"line":19,"column":49}}]}},"b":{"0":[3],"1":[6]},"fnMap":{"0":{"name":"AreaSelect","decl":{"start":{"line":15,"column":26},"end":{"line":45,"column":2}},"loc":{"start":{"line":15,"column":26},"end":{"line":45,"column":2}},"line":15},"1":{"name":"handleSelectArea","decl":{"start":{"line":24,"column":27},"end":{"line":27,"column":4}},"loc":{"start":{"line":24,"column":27},"end":{"line":27,"column":4}},"line":24},"2":{"name":"onClear","decl":{"start":{"line":39,"column":17},"end":{"line":39,"column":46}},"loc":{"start":{"line":39,"column":17},"end":{"line":39,"column":46}},"line":39}},"f":{"0":3,"1":0,"2":0}}
,"D:\\009_kataacademy\\006_react\\module-04\\maybe-hh-look-like\\src\\widgets\\Header\\Header.tsx": {"path":"D:\\009_kataacademy\\006_react\\module-04\\maybe-hh-look-like\\src\\widgets\\Header\\Header.tsx","all":false,"statementMap":{"0":{"start":{"line":1,"column":0},"end":{"line":1,"column":41}},"2":{"start":{"line":3,"column":0},"end":{"line":3,"column":47}},"4":{"start":{"line":5,"column":0},"end":{"line":5,"column":41}},"6":{"start":{"line":7,"column":0},"end":{"line":7,"column":29}},"7":{"start":{"line":8,"column":0},"end":{"line":8,"column":10}},"8":{"start":{"line":9,"column":0},"end":{"line":9,"column":66}},"9":{"start":{"line":10,"column":0},"end":{"line":10,"column":14}},"11":{"start":{"line":12,"column":0},"end":{"line":12,"column":19}},"12":{"start":{"line":13,"column":0},"end":{"line":13,"column":22}},"14":{"start":{"line":15,"column":0},"end":{"line":15,"column":2}}},"s":{"0":1,"2":1,"4":1,"6":1,"7":3,"8":3,"9":3,"11":3,"12":3,"14":3},"branchMap":{"0":{"type":"branch","line":7,"loc":{"start":{"line":7,"column":22},"end":{"line":15,"column":2}},"locations":[{"start":{"line":7,"column":22},"end":{"line":15,"column":2}}]}},"b":{"0":[3]},"fnMap":{"0":{"name":"Header","decl":{"start":{"line":7,"column":22},"end":{"line":15,"column":2}},"loc":{"start":{"line":7,"column":22},"end":{"line":15,"column":2}},"line":7}},"f":{"0":3}}
,"D:\\009_kataacademy\\006_react\\module-04\\maybe-hh-look-like\\src\\widgets\\PaginationUI\\PaginationUI.tsx": {"path":"D:\\009_kataacademy\\006_react\\module-04\\maybe-hh-look-like\\src\\widgets\\PaginationUI\\PaginationUI.tsx","all":false,"statementMap":{"0":{"start":{"line":1,"column":0},"end":{"line":1,"column":67}},"2":{"start":{"line":3,"column":0},"end":{"line":3,"column":8}},"7":{"start":{"line":8,"column":0},"end":{"line":8,"column":79}},"9":{"start":{"line":10,"column":0},"end":{"line":10,"column":35}},"10":{"start":{"line":11,"column":0},"end":{"line":11,"column":38}},"12":{"start":{"line":13,"column":0},"end":{"line":13,"column":39}},"13":{"start":{"line":14,"column":0},"end":{"line":14,"column":49}},"14":{"start":{"line":15,"column":0},"end":{"line":15,"column":4}},"16":{"start":{"line":17,"column":0},"end":{"line":17,"column":74}},"18":{"start":{"line":19,"column":0},"end":{"line":19,"column":34}},"20":{"start":{"line":21,"column":0},"end":{"line":21,"column":10}},"21":{"start":{"line":22,"column":0},"end":{"line":22,"column":20}},"22":{"start":{"line":23,"column":0},"end":{"line":23,"column":19}},"23":{"start":{"line":24,"column":0},"end":{"line":24,"column":25}},"24":{"start":{"line":25,"column":0},"end":{"line":25,"column":51}},"25":{"start":{"line":26,"column":0},"end":{"line":26,"column":32}},"27":{"start":{"line":28,"column":0},"end":{"line":28,"column":38}},"28":{"start":{"line":29,"column":0},"end":{"line":29,"column":28}},"29":{"start":{"line":30,"column":0},"end":{"line":30,"column":31}},"30":{"start":{"line":31,"column":0},"end":{"line":31,"column":28}},"31":{"start":{"line":32,"column":0},"end":{"line":32,"column":27}},"32":{"start":{"line":33,"column":0},"end":{"line":33,"column":27}},"33":{"start":{"line":34,"column":0},"end":{"line":34,"column":14}},"34":{"start":{"line":35,"column":0},"end":{"line":35,"column":22}},"36":{"start":{"line":37,"column":0},"end":{"line":37,"column":2}}},"s":{"0":1,"2":1,"7":1,"9":1,"10":1,"12":1,"13":1,"14":1,"16":1,"18":1,"20":1,"21":1,"22":1,"23":1,"24":1,"25":1,"27":1,"28":1,"29":1,"30":1,"31":1,"32":1,"33":1,"34":1,"36":1},"branchMap":{"0":{"type":"branch","line":10,"loc":{"start":{"line":10,"column":28},"end":{"line":37,"column":2}},"locations":[{"start":{"line":10,"column":28},"end":{"line":37,"column":2}}]},"1":{"type":"branch","line":14,"loc":{"start":{"line":14,"column":4},"end":{"line":14,"column":49}},"locations":[{"start":{"line":14,"column":4},"end":{"line":14,"column":49}}]},"2":{"type":"branch","line":17,"loc":{"start":{"line":17,"column":33},"end":{"line":17,"column":72}},"locations":[{"start":{"line":17,"column":33},"end":{"line":17,"column":72}}]}},"b":{"0":[1],"1":[2],"2":[2]},"fnMap":{"0":{"name":"PaginationUI","decl":{"start":{"line":10,"column":28},"end":{"line":37,"column":2}},"loc":{"start":{"line":10,"column":28},"end":{"line":37,"column":2}},"line":10},"1":{"name":"onChange","decl":{"start":{"line":25,"column":16},"end":{"line":25,"column":51}},"loc":{"start":{"line":25,"column":16},"end":{"line":25,"column":51}},"line":25}},"f":{"0":1,"1":0}}
,"D:\\009_kataacademy\\006_react\\module-04\\maybe-hh-look-like\\src\\widgets\\SearchBar\\SearchBar.tsx": {"path":"D:\\009_kataacademy\\006_react\\module-04\\maybe-hh-look-like\\src\\widgets\\SearchBar\\SearchBar.tsx","all":false,"statementMap":{"0":{"start":{"line":1,"column":0},"end":{"line":1,"column":33}},"2":{"start":{"line":3,"column":0},"end":{"line":3,"column":64}},"4":{"start":{"line":5,"column":0},"end":{"line":5,"column":8}},"9":{"start":{"line":10,"column":0},"end":{"line":10,"column":8}},"14":{"start":{"line":15,"column":0},"end":{"line":15,"column":64}},"16":{"start":{"line":17,"column":0},"end":{"line":17,"column":44}},"18":{"start":{"line":19,"column":0},"end":{"line":19,"column":32}},"19":{"start":{"line":20,"column":0},"end":{"line":20,"column":38}},"21":{"start":{"line":22,"column":0},"end":{"line":22,"column":38}},"22":{"start":{"line":23,"column":0},"end":{"line":23,"column":48}},"23":{"start":{"line":24,"column":0},"end":{"line":24,"column":4}},"25":{"start":{"line":26,"column":0},"end":{"line":26,"column":61}},"27":{"start":{"line":28,"column":0},"end":{"line":28,"column":37}},"28":{"start":{"line":29,"column":0},"end":{"line":29,"column":43}},"29":{"start":{"line":30,"column":0},"end":{"line":30,"column":32}},"30":{"start":{"line":31,"column":0},"end":{"line":31,"column":23}},"31":{"start":{"line":32,"column":0},"end":{"line":32,"column":4}},"33":{"start":{"line":34,"column":0},"end":{"line":34,"column":64}},"35":{"start":{"line":36,"column":0},"end":{"line":36,"column":10}},"36":{"start":{"line":37,"column":0},"end":{"line":37,"column":52}},"37":{"start":{"line":38,"column":0},"end":{"line":38,"column":52}},"38":{"start":{"line":39,"column":0},"end":{"line":39,"column":54}},"39":{"start":{"line":40,"column":0},"end":{"line":40,"column":61}},"41":{"start":{"line":42,"column":0},"end":{"line":42,"column":17}},"42":{"start":{"line":43,"column":0},"end":{"line":43,"column":66}},"44":{"start":{"line":45,"column":0},"end":{"line":45,"column":17}},"45":{"start":{"line":46,"column":0},"end":{"line":46,"column":16}},"46":{"start":{"line":47,"column":0},"end":{"line":47,"column":15}},"47":{"start":{"line":48,"column":0},"end":{"line":48,"column":20}},"48":{"start":{"line":49,"column":0},"end":{"line":49,"column":50}},"49":{"start":{"line":50,"column":0},"end":{"line":50,"column":43}},"50":{"start":{"line":51,"column":0},"end":{"line":51,"column":36}},"51":{"start":{"line":52,"column":0},"end":{"line":52,"column":57}},"52":{"start":{"line":53,"column":0},"end":{"line":53,"column":31}},"53":{"start":{"line":54,"column":0},"end":{"line":54,"column":71}},"54":{"start":{"line":55,"column":0},"end":{"line":55,"column":12}},"55":{"start":{"line":56,"column":0},"end":{"line":56,"column":17}},"56":{"start":{"line":57,"column":0},"end":{"line":57,"column":48}},"57":{"start":{"line":58,"column":0},"end":{"line":58,"column":41}},"58":{"start":{"line":59,"column":0},"end":{"line":59,"column":49}},"59":{"start":{"line":60,"column":0},"end":{"line":60,"column":11}},"61":{"start":{"line":62,"column":0},"end":{"line":62,"column":19}},"62":{"start":{"line":63,"column":0},"end":{"line":63,"column":16}},"63":{"start":{"line":64,"column":0},"end":{"line":64,"column":12}},"64":{"start":{"line":65,"column":0},"end":{"line":65,"column":10}},"66":{"start":{"line":67,"column":0},"end":{"line":67,"column":2}}},"s":{"0":1,"2":1,"4":1,"9":1,"14":1,"16":1,"18":1,"19":4,"21":4,"22":4,"23":4,"25":4,"27":4,"28":0,"29":0,"30":0,"31":0,"33":4,"35":4,"36":4,"37":4,"38":4,"39":4,"41":4,"42":4,"44":4,"45":4,"46":4,"47":4,"48":4,"49":4,"50":4,"51":4,"52":4,"53":4,"54":4,"55":4,"56":4,"57":4,"58":4,"59":4,"61":4,"62":4,"63":4,"64":4,"66":4},"branchMap":{"0":{"type":"branch","line":19,"loc":{"start":{"line":19,"column":25},"end":{"line":67,"column":2}},"locations":[{"start":{"line":19,"column":25},"end":{"line":67,"column":2}}]},"1":{"type":"branch","line":59,"loc":{"start":{"line":59,"column":22},"end":{"line":59,"column":44}},"locations":[{"start":{"line":59,"column":22},"end":{"line":59,"column":44}}]},"2":{"type":"branch","line":23,"loc":{"start":{"line":23,"column":4},"end":{"line":23,"column":48}},"locations":[{"start":{"line":23,"column":4},"end":{"line":23,"column":48}}]}},"b":{"0":[4],"1":[0],"2":[8]},"fnMap":{"0":{"name":"SearchBar","decl":{"start":{"line":19,"column":25},"end":{"line":67,"column":2}},"loc":{"start":{"line":19,"column":25},"end":{"line":67,"column":2}},"line":19},"1":{"name":"handleClickOnSearch","decl":{"start":{"line":28,"column":30},"end":{"line":32,"column":4}},"loc":{"start":{"line":28,"column":30},"end":{"line":32,"column":4}},"line":28},"2":{"name":"onChange","decl":{"start":{"line":54,"column":22},"end":{"line":54,"column":71}},"loc":{"start":{"line":54,"column":22},"end":{"line":54,"column":71}},"line":54}},"f":{"0":4,"1":0,"2":0}}
,"D:\\009_kataacademy\\006_react\\module-04\\maybe-hh-look-like\\src\\widgets\\SkillBox\\SkillBox.tsx": {"path":"D:\\009_kataacademy\\006_react\\module-04\\maybe-hh-look-like\\src\\widgets\\SkillBox\\SkillBox.tsx","all":false,"statementMap":{"0":{"start":{"line":1,"column":0},"end":{"line":1,"column":57}},"2":{"start":{"line":3,"column":0},"end":{"line":3,"column":74}},"4":{"start":{"line":5,"column":0},"end":{"line":5,"column":8}},"9":{"start":{"line":10,"column":0},"end":{"line":10,"column":8}},"15":{"start":{"line":16,"column":0},"end":{"line":16,"column":57}},"17":{"start":{"line":18,"column":0},"end":{"line":18,"column":43}},"19":{"start":{"line":20,"column":0},"end":{"line":20,"column":31}},"20":{"start":{"line":21,"column":0},"end":{"line":21,"column":38}},"22":{"start":{"line":23,"column":0},"end":{"line":23,"column":51}},"24":{"start":{"line":25,"column":0},"end":{"line":25,"column":79}},"26":{"start":{"line":27,"column":0},"end":{"line":27,"column":42}},"27":{"start":{"line":28,"column":0},"end":{"line":28,"column":42}},"28":{"start":{"line":29,"column":0},"end":{"line":29,"column":22}},"29":{"start":{"line":30,"column":0},"end":{"line":30,"column":32}},"30":{"start":{"line":31,"column":0},"end":{"line":31,"column":29}},"32":{"start":{"line":33,"column":0},"end":{"line":33,"column":19}},"33":{"start":{"line":34,"column":0},"end":{"line":34,"column":48}},"34":{"start":{"line":35,"column":0},"end":{"line":35,"column":24}},"35":{"start":{"line":36,"column":0},"end":{"line":36,"column":15}},"36":{"start":{"line":37,"column":0},"end":{"line":37,"column":7}},"38":{"start":{"line":39,"column":0},"end":{"line":39,"column":63}},"39":{"start":{"line":40,"column":0},"end":{"line":40,"column":23}},"40":{"start":{"line":41,"column":0},"end":{"line":41,"column":7}},"41":{"start":{"line":42,"column":0},"end":{"line":42,"column":6}},"43":{"start":{"line":44,"column":0},"end":{"line":44,"column":50}},"44":{"start":{"line":45,"column":0},"end":{"line":45,"column":66}},"45":{"start":{"line":46,"column":0},"end":{"line":46,"column":33}},"47":{"start":{"line":48,"column":0},"end":{"line":48,"column":39}},"48":{"start":{"line":49,"column":0},"end":{"line":49,"column":22}},"49":{"start":{"line":50,"column":0},"end":{"line":50,"column":13}},"50":{"start":{"line":51,"column":0},"end":{"line":51,"column":5}},"51":{"start":{"line":52,"column":0},"end":{"line":52,"column":19}},"52":{"start":{"line":53,"column":0},"end":{"line":53,"column":4}},"54":{"start":{"line":55,"column":0},"end":{"line":55,"column":43}},"55":{"start":{"line":56,"column":0},"end":{"line":56,"column":9}},"56":{"start":{"line":57,"column":0},"end":{"line":57,"column":16}},"57":{"start":{"line":58,"column":0},"end":{"line":58,"column":22}},"58":{"start":{"line":59,"column":0},"end":{"line":59,"column":23}},"59":{"start":{"line":60,"column":0},"end":{"line":60,"column":36}},"60":{"start":{"line":61,"column":0},"end":{"line":61,"column":36}},"61":{"start":{"line":62,"column":0},"end":{"line":62,"column":8}},"63":{"start":{"line":64,"column":0},"end":{"line":64,"column":12}},"64":{"start":{"line":65,"column":0},"end":{"line":65,"column":11}},"65":{"start":{"line":66,"column":0},"end":{"line":66,"column":5}},"67":{"start":{"line":68,"column":0},"end":{"line":68,"column":10}},"68":{"start":{"line":69,"column":0},"end":{"line":69,"column":51}},"69":{"start":{"line":70,"column":0},"end":{"line":70,"column":74}},"70":{"start":{"line":71,"column":0},"end":{"line":71,"column":55}},"71":{"start":{"line":72,"column":0},"end":{"line":72,"column":18}},"72":{"start":{"line":73,"column":0},"end":{"line":73,"column":29}},"73":{"start":{"line":74,"column":0},"end":{"line":74,"column":19}},"74":{"start":{"line":75,"column":0},"end":{"line":75,"column":20}},"75":{"start":{"line":76,"column":0},"end":{"line":76,"column":28}},"76":{"start":{"line":77,"column":0},"end":{"line":77,"column":68}},"77":{"start":{"line":78,"column":0},"end":{"line":78,"column":47}},"78":{"start":{"line":79,"column":0},"end":{"line":79,"column":10}},"79":{"start":{"line":80,"column":0},"end":{"line":80,"column":19}},"80":{"start":{"line":81,"column":0},"end":{"line":81,"column":25}},"81":{"start":{"line":82,"column":0},"end":{"line":82,"column":27}},"82":{"start":{"line":83,"column":0},"end":{"line":83,"column":20}},"83":{"start":{"line":84,"column":0},"end":{"line":84,"column":57}},"84":{"start":{"line":85,"column":0},"end":{"line":85,"column":41}},"85":{"start":{"line":86,"column":0},"end":{"line":86,"column":55}},"87":{"start":{"line":88,"column":0},"end":{"line":88,"column":14}},"88":{"start":{"line":89,"column":0},"end":{"line":89,"column":25}},"89":{"start":{"line":90,"column":0},"end":{"line":90,"column":26}},"90":{"start":{"line":91,"column":0},"end":{"line":91,"column":58}},"91":{"start":{"line":92,"column":0},"end":{"line":92,"column":12}},"92":{"start":{"line":93,"column":0},"end":{"line":93,"column":21}},"93":{"start":{"line":94,"column":0},"end":{"line":94,"column":14}},"94":{"start":{"line":95,"column":0},"end":{"line":95,"column":60}},"95":{"start":{"line":96,"column":0},"end":{"line":96,"column":20}},"96":{"start":{"line":97,"column":0},"end":{"line":97,"column":19}},"97":{"start":{"line":98,"column":0},"end":{"line":98,"column":10}},"99":{"start":{"line":100,"column":0},"end":{"line":100,"column":2}}},"s":{"0":1,"2":1,"4":1,"9":1,"15":1,"17":1,"19":1,"20":4,"22":4,"24":4,"26":4,"27":0,"28":0,"29":0,"30":4,"32":4,"33":2,"34":0,"35":0,"36":0,"38":0,"39":0,"40":0,"41":0,"43":2,"44":2,"45":4,"47":4,"48":0,"49":0,"50":0,"51":0,"52":0,"54":4,"55":12,"56":12,"57":12,"58":12,"59":0,"60":0,"61":0,"63":12,"64":12,"65":4,"67":4,"68":4,"69":4,"70":4,"71":4,"72":4,"73":4,"74":4,"75":4,"76":4,"77":4,"78":4,"79":4,"80":4,"81":4,"82":4,"83":4,"84":4,"85":4,"87":4,"88":4,"89":4,"90":4,"91":4,"92":4,"93":4,"94":4,"95":4,"96":4,"97":4,"99":4},"branchMap":{"0":{"type":"branch","line":20,"loc":{"start":{"line":20,"column":24},"end":{"line":100,"column":2}},"locations":[{"start":{"line":20,"column":24},"end":{"line":100,"column":2}}]},"1":{"type":"branch","line":25,"loc":{"start":{"line":25,"column":34},"end":{"line":25,"column":77}},"locations":[{"start":{"line":25,"column":34},"end":{"line":25,"column":77}}]},"2":{"type":"branch","line":33,"loc":{"start":{"line":33,"column":12},"end":{"line":46,"column":5}},"locations":[{"start":{"line":33,"column":12},"end":{"line":46,"column":5}}]},"3":{"type":"branch","line":45,"loc":{"start":{"line":45,"column":11},"end":{"line":45,"column":66}},"locations":[{"start":{"line":45,"column":11},"end":{"line":45,"column":66}}]},"4":{"type":"branch","line":55,"loc":{"start":{"line":55,"column":32},"end":{"line":65,"column":11}},"locations":[{"start":{"line":55,"column":32},"end":{"line":65,"column":11}}]}},"b":{"0":[4],"1":[8],"2":[2],"3":[2],"4":[12]},"fnMap":{"0":{"name":"SkillBox","decl":{"start":{"line":20,"column":24},"end":{"line":100,"column":2}},"loc":{"start":{"line":20,"column":24},"end":{"line":100,"column":2}},"line":20},"1":{"name":"onEnter","decl":{"start":{"line":34,"column":20},"end":{"line":42,"column":6}},"loc":{"start":{"line":34,"column":20},"end":{"line":42,"column":6}},"line":34},"2":{"name":"handleClickOnAddSkill","decl":{"start":{"line":48,"column":32},"end":{"line":53,"column":4}},"loc":{"start":{"line":48,"column":32},"end":{"line":53,"column":4}},"line":48},"3":{"name":"onRemove","decl":{"start":{"line":59,"column":16},"end":{"line":62,"column":8}},"loc":{"start":{"line":59,"column":16},"end":{"line":62,"column":8}},"line":59},"4":{"name":"onChange","decl":{"start":{"line":77,"column":20},"end":{"line":77,"column":68}},"loc":{"start":{"line":77,"column":20},"end":{"line":77,"column":68}},"line":77}},"f":{"0":4,"1":0,"2":0,"3":0,"4":0}}
}
